<?xml version="1.0" encoding="UTF-8"?>
<!-- Generated by org.testng.reporters.JUnitXMLReporter -->
<testsuite ignored="4" hostname="LAPTOP-OLPA0MDN" failures="2" tests="2" name="Test(failed)" time="0.19" errors="0" timestamp="2021-10-22T19:49:30 IST">
  <testcase classname="verify.TestCase001" name="verifytitle" time="0.043">
    <failure type="java.lang.AssertionError" message="expected [Google] but found [Google1]">
      <![CDATA[java.lang.AssertionError: expected [Google] but found [Google1]
at verify.TestCase001.verifytitle(TestCase001.java:20)
at java.base/java.util.ArrayList.forEach(ArrayList.java:1511)
... Removed 33 stack frames]]>
    </failure>
  </testcase> <!-- verifytitle -->
  <testcase classname="verify.TestCase002" name="clcikOnSearch" time="0.021">
    <failure type="java.lang.AssertionError" message="expected [Google] but found [tetsingfalied]">
      <![CDATA[java.lang.AssertionError: expected [Google] but found [tetsingfalied]
at verify.TestCase002.clcikOnSearch(TestCase002.java:20)
at java.base/java.util.ArrayList.forEach(ArrayList.java:1511)
... Removed 33 stack frames]]>
    </failure>
  </testcase> <!-- clcikOnSearch -->
  <testcase classname="verify.TestCase002" name="MovetoNextPage" time="0.0">
    <ignored/>
  </testcase> <!-- MovetoNextPage -->
  <testcase classname="verify.BaseClass" name="@BeforeSuite setup" time="0.0">
    <ignored/>
  </testcase> <!-- @BeforeSuite setup -->
  <testcase classname="verify.TestCase001" name="typeInsearchBox" time="0.0">
    <ignored/>
  </testcase> <!-- typeInsearchBox -->
  <testcase classname="verify.BaseClass" name="@AfterSuite tearDown" time="0.0">
    <ignored/>
  </testcase> <!-- @AfterSuite tearDown -->
</testsuite> <!-- Test(failed) -->
